

Version:	3.9
CmdLine:	D:\Project\Locate.io.exe --l4j-debug
WOW64:		yes
Working dir:	D:\Project\.
64-bit search:	SOFTWARE\JavaSoft\Java Runtime Environment...
Check:		SOFTWARE\JavaSoft\Java Runtime Environment\1.8
Ignore:		1.8
Check:		SOFTWARE\JavaSoft\Java Runtime Environment\1.8.0_131
Ignore:		1.8.0_131
32-bit search:	SOFTWARE\JavaSoft\Java Runtime Environment...
64-bit search:	SOFTWARE\JavaSoft\Java Development Kit...
32-bit search:	SOFTWARE\JavaSoft\Java Development Kit...
64-bit search:	SOFTWARE\IBM\Java2 Runtime Environment...
32-bit search:	SOFTWARE\IBM\Java2 Runtime Environment...
64-bit search:	SOFTWARE\IBM\Java Development Kit...
32-bit search:	SOFTWARE\IBM\Java Development Kit...
Error msg:	This application requires a Java Runtime Environment 1.6.0_1 - 1.6.0_31
Open URL:	http://java.com/download


Version:	3.9
CmdLine:	D:\Project\Locate.io.exe --l4j-debug
WOW64:		yes
Working dir:	D:\Project\.
64-bit search:	SOFTWARE\JavaSoft\Java Runtime Environment...
Check:		SOFTWARE\JavaSoft\Java Runtime Environment\1.8
Ignore:		1.8
Check:		SOFTWARE\JavaSoft\Java Runtime Environment\1.8.0_131
Ignore:		1.8.0_131
32-bit search:	SOFTWARE\JavaSoft\Java Runtime Environment...
64-bit search:	SOFTWARE\JavaSoft\Java Development Kit...
32-bit search:	SOFTWARE\JavaSoft\Java Development Kit...
64-bit search:	SOFTWARE\IBM\Java2 Runtime Environment...
32-bit search:	SOFTWARE\IBM\Java2 Runtime Environment...
64-bit search:	SOFTWARE\IBM\Java Development Kit...
32-bit search:	SOFTWARE\IBM\Java Development Kit...
Error msg:	This application requires a Java Runtime Environment 1.6.0_1 - 1.6.0_31
Open URL:	http://java.com/download


Version:	3.9
CmdLine:	D:\Project\Locate.io.exe --l4j-debug
WOW64:		yes
Working dir:	D:\Project\.
64-bit search:	SOFTWARE\JavaSoft\Java Runtime Environment...
Check:		SOFTWARE\JavaSoft\Java Runtime Environment\1.8
Check launcher:	C:\Program Files\Java\jre1.8.0_131\bin\javaw.exe (OK)
Match:		1.8
Check:		SOFTWARE\JavaSoft\Java Runtime Environment\1.8.0_131
Ignore:		1.8.0_131
64-bit search:	SOFTWARE\JavaSoft\Java Development Kit...
Runtime used:	1.8 (64-bit)
Add classpath:	controller.Minimiser
Launcher:	C:\Program Files\Java\jre1.8.0_131\bin\javaw.exe
Launcher args:	-classpath "D:\Project\Locate.io.exe;controller.Minimiser" controller.Minimiser
Args length:	79/32768 chars
Exit code:	0


Version:	3.9
CmdLine:	D:\Project\Locate.io.exe --l4j-debug
WOW64:		yes
Working dir:	D:\Project\.
64-bit search:	SOFTWARE\JavaSoft\Java Runtime Environment...
Check:		SOFTWARE\JavaSoft\Java Runtime Environment\1.8
Check launcher:	C:\Program Files\Java\jre1.8.0_131\bin\javaw.exe (OK)
Match:		1.8
Check:		SOFTWARE\JavaSoft\Java Runtime Environment\1.8.0_131
Ignore:		1.8.0_131
64-bit search:	SOFTWARE\JavaSoft\Java Development Kit...
Runtime used:	1.8 (64-bit)
Add classpath:	controller.Minimiser
Launcher:	C:\Program Files\Java\jre1.8.0_131\bin\javaw.exe
Launcher args:	-classpath "D:\Project\Locate.io.exe;controller.Minimiser" controller.Minimiser
Args length:	79/32768 chars
Exit code:	0


Version:	3.9
CmdLine:	D:\Project\Locate.io.exe --l4j-debug
WOW64:		yes
Working dir:	D:\Project\.
64-bit search:	SOFTWARE\JavaSoft\Java Runtime Environment...
Check:		SOFTWARE\JavaSoft\Java Runtime Environment\1.8
Check launcher:	C:\Program Files\Java\jre1.8.0_131\bin\javaw.exe (OK)
Match:		1.8
Check:		SOFTWARE\JavaSoft\Java Runtime Environment\1.8.0_131
Ignore:		1.8.0_131
64-bit search:	SOFTWARE\JavaSoft\Java Development Kit...
Runtime used:	1.8 (64-bit)
Add classpath:	controller.Minimiser
Launcher:	C:\Program Files\Java\jre1.8.0_131\bin\javaw.exe
Launcher args:	-classpath "D:\Project\Locate.io.exe;controller.Minimiser" controller.Minimiser
Args length:	79/32768 chars
Exit code:	0


Version:	3.9
CmdLine:	D:\Project\Locate.io.exe --l4j-debug
WOW64:		yes
Working dir:	D:\Project\.
64-bit search:	SOFTWARE\JavaSoft\Java Runtime Environment...
Check:		SOFTWARE\JavaSoft\Java Runtime Environment\1.8
Check launcher:	C:\Program Files\Java\jre1.8.0_131\bin\javaw.exe (OK)
Match:		1.8
Check:		SOFTWARE\JavaSoft\Java Runtime Environment\1.8.0_131
Ignore:		1.8.0_131
64-bit search:	SOFTWARE\JavaSoft\Java Development Kit...
Runtime used:	1.8 (64-bit)
Add classpath:	controller.Minimiser
Launcher:	C:\Program Files\Java\jre1.8.0_131\bin\javaw.exe
Launcher args:	-classpath "D:\Project\Locate.io.exe;controller.Minimiser" controller.Minimiser
Args length:	79/32768 chars
Exit code:	0


Version:	3.9
CmdLine:	D:\Project\Locate.io.exe --l4j-debug
WOW64:		yes
Working dir:	D:\Project\.
64-bit search:	SOFTWARE\JavaSoft\Java Runtime Environment...
Check:		SOFTWARE\JavaSoft\Java Runtime Environment\1.8
Check launcher:	C:\Program Files\Java\jre1.8.0_131\bin\javaw.exe (OK)
Match:		1.8
Check:		SOFTWARE\JavaSoft\Java Runtime Environment\1.8.0_131
Ignore:		1.8.0_131
64-bit search:	SOFTWARE\JavaSoft\Java Development Kit...
Runtime used:	1.8 (64-bit)
Add classpath:	controller.Minimiser
Launcher:	C:\Program Files\Java\jre1.8.0_131\bin\javaw.exe
Launcher args:	-classpath "D:\Project\Locate.io.exe;controller.Minimiser" controller.Minimiser
Args length:	79/32768 chars
Exit code:	0


Version:	3.9
CmdLine:	D:\Project\Locate.io.exe --l4j-debug
WOW64:		yes
Working dir:	D:\Project\.
64-bit search:	SOFTWARE\JavaSoft\Java Runtime Environment...
Check:		SOFTWARE\JavaSoft\Java Runtime Environment\1.8
Check launcher:	C:\Program Files\Java\jre1.8.0_131\bin\javaw.exe (OK)
Match:		1.8
Check:		SOFTWARE\JavaSoft\Java Runtime Environment\1.8.0_131
Ignore:		1.8.0_131
64-bit search:	SOFTWARE\JavaSoft\Java Development Kit...
Runtime used:	1.8 (64-bit)
Add classpath:	controller.Minimiser
Launcher:	C:\Program Files\Java\jre1.8.0_131\bin\javaw.exe
Launcher args:	-classpath "D:\Project\Locate.io.exe;controller.Minimiser" controller.Minimiser
Args length:	79/32768 chars
Exit code:	0


Version:	3.9
CmdLine:	D:\Project\Locate.io.exe --l4j-debug
WOW64:		yes
Working dir:	D:\Project\.
64-bit search:	SOFTWARE\JavaSoft\Java Runtime Environment...
Check:		SOFTWARE\JavaSoft\Java Runtime Environment\1.8
Check launcher:	C:\Program Files\Java\jre1.8.0_131\bin\javaw.exe (OK)
Match:		1.8
Check:		SOFTWARE\JavaSoft\Java Runtime Environment\1.8.0_131
Ignore:		1.8.0_131
64-bit search:	SOFTWARE\JavaSoft\Java Development Kit...
Runtime used:	1.8 (64-bit)
Add classpath:	controller.Minimiser
Launcher:	C:\Program Files\Java\jre1.8.0_131\bin\javaw.exe
Launcher args:	-classpath "D:\Project\Locate.io.exe;controller.Minimiser" controller.Minimiser
Args length:	79/32768 chars
Exit code:	0


Version:	3.9
CmdLine:	D:\Project\Locate.io.exe --l4j-debug
WOW64:		yes
Working dir:	D:\Project\.
64-bit search:	SOFTWARE\JavaSoft\Java Runtime Environment...
Check:		SOFTWARE\JavaSoft\Java Runtime Environment\1.8
Check launcher:	C:\Program Files\Java\jre1.8.0_131\bin\javaw.exe (OK)
Match:		1.8
Check:		SOFTWARE\JavaSoft\Java Runtime Environment\1.8.0_131
Check launcher:	C:\Program Files\Java\jre1.8.0_131\bin\javaw.exe (OK)
Match:		1.8.0_131
64-bit search:	SOFTWARE\JavaSoft\Java Development Kit...
Runtime used:	1.8.0_131 (64-bit)
Launcher:	C:\Program Files\Java\jre1.8.0_131\bin\javaw.exe
Launcher args:	-jar "D:\Project\Locate.io.exe"
Args length:	31/32768 chars
Exit code:	0


Version:	3.9
CmdLine:	D:\Project\Locate.io.exe --l4j-debug
WOW64:		yes
Working dir:	D:\Project\.
64-bit search:	SOFTWARE\JavaSoft\Java Runtime Environment...
Check:		SOFTWARE\JavaSoft\Java Runtime Environment\1.8
Check launcher:	C:\Program Files\Java\jre1.8.0_131\bin\javaw.exe (OK)
Match:		1.8
Check:		SOFTWARE\JavaSoft\Java Runtime Environment\1.8.0_131
Check launcher:	C:\Program Files\Java\jre1.8.0_131\bin\javaw.exe (OK)
Match:		1.8.0_131
64-bit search:	SOFTWARE\JavaSoft\Java Development Kit...
Runtime used:	1.8.0_131 (64-bit)
Launcher:	C:\Program Files\Java\jre1.8.0_131\bin\javaw.exe
Launcher args:	-jar "D:\Project\Locate.io.exe"
Args length:	31/32768 chars
Exit code:	0
